<?xml version="1.0" encoding="UTF-8"?>
<testsuites>
  <testsuite name="fastlane.lanes">
    
    
    
      
      <testcase classname="fastlane.lanes" name="0: default_platform" time="0.001925">
        
      </testcase>
    
      
      <testcase classname="fastlane.lanes" name="1: flutter pub get" time="3.5256763">
        
      </testcase>
    
      
      <testcase classname="fastlane.lanes" name="2: flutter pub run flutter_launcher_icons" time="12.1451817">
        
      </testcase>
    
      
      <testcase classname="fastlane.lanes" name="3: flutter build apk --release --split-per-abi --target-platform=android-arm --no-tree-shake-icons --flavor prod -t lib/main_prod.dart --no-tree-shake-icons" time="179.5356211">
        
          <failure message="C:/Users/kamal/.local/share/gem/ruby/3.2.0/gems/fastlane-2.221.1/fastlane/lib/fastlane/actions/actions_helper.rb:67:in `execute_action&apos;&#10;C:/Users/kamal/.local/share/gem/ruby/3.2.0/gems/fastlane-2.221.1/fastlane/lib/fastlane/fast_file.rb:222:in `sh&apos;&#10;C:/Users/kamal/.local/share/gem/ruby/3.2.0/gems/fastlane-2.221.1/fastlane/lib/fastlane/fast_file.rb:216:in `sh&apos;&#10;Fastfile:23:in `block (2 levels) in parsing_binding&apos;&#10;C:/Users/kamal/.local/share/gem/ruby/3.2.0/gems/fastlane-2.221.1/fastlane/lib/fastlane/lane.rb:41:in `call&apos;&#10;C:/Users/kamal/.local/share/gem/ruby/3.2.0/gems/fastlane-2.221.1/fastlane/lib/fastlane/runner.rb:49:in `block in execute&apos;&#10;C:/Users/kamal/.local/share/gem/ruby/3.2.0/gems/fastlane-2.221.1/fastlane/lib/fastlane/runner.rb:45:in `chdir&apos;&#10;C:/Users/kamal/.local/share/gem/ruby/3.2.0/gems/fastlane-2.221.1/fastlane/lib/fastlane/runner.rb:45:in `execute&apos;&#10;C:/Users/kamal/.local/share/gem/ruby/3.2.0/gems/fastlane-2.221.1/fastlane/lib/fastlane/lane_manager.rb:46:in `cruise_lane&apos;&#10;C:/Users/kamal/.local/share/gem/ruby/3.2.0/gems/fastlane-2.221.1/fastlane/lib/fastlane/command_line_handler.rb:34:in `handle&apos;&#10;C:/Users/kamal/.local/share/gem/ruby/3.2.0/gems/fastlane-2.221.1/fastlane/lib/fastlane/commands_generator.rb:110:in `block (2 levels) in run&apos;&#10;C:/Users/kamal/.local/share/gem/ruby/3.2.0/gems/commander-4.6.0/lib/commander/command.rb:187:in `call&apos;&#10;C:/Users/kamal/.local/share/gem/ruby/3.2.0/gems/commander-4.6.0/lib/commander/command.rb:157:in `run&apos;&#10;C:/Users/kamal/.local/share/gem/ruby/3.2.0/gems/commander-4.6.0/lib/commander/runner.rb:444:in `run_active_command&apos;&#10;C:/Users/kamal/.local/share/gem/ruby/3.2.0/gems/fastlane-2.221.1/fastlane_core/lib/fastlane_core/ui/fastlane_runner.rb:124:in `run!&apos;&#10;C:/Users/kamal/.local/share/gem/ruby/3.2.0/gems/commander-4.6.0/lib/commander/delegates.rb:18:in `run!&apos;&#10;C:/Users/kamal/.local/share/gem/ruby/3.2.0/gems/fastlane-2.221.1/fastlane/lib/fastlane/commands_generator.rb:363:in `run&apos;&#10;C:/Users/kamal/.local/share/gem/ruby/3.2.0/gems/fastlane-2.221.1/fastlane/lib/fastlane/commands_generator.rb:43:in `start&apos;&#10;C:/Users/kamal/.local/share/gem/ruby/3.2.0/gems/fastlane-2.221.1/fastlane/lib/fastlane/cli_tools_distributor.rb:123:in `take_off&apos;&#10;C:/Users/kamal/.local/share/gem/ruby/3.2.0/gems/fastlane-2.221.1/bin/fastlane:23:in `&lt;top (required)&gt;&apos;&#10;C:/Users/kamal/AppData/Local/Microsoft/WindowsApps/fastlane:25:in `load&apos;&#10;C:/Users/kamal/AppData/Local/Microsoft/WindowsApps/fastlane:25:in `&lt;main&gt;&apos;&#10;&#10;Exit status of command &apos;flutter build apk --release --split-per-abi --target-platform=android-arm --no-tree-shake-icons --flavor prod -t lib/main_prod.dart --no-tree-shake-icons&apos; was 1 instead of 0.&#10;Changing current working directory to: F:\Projects\Flutter Projects\captain_eco&#10;&#10;Running Gradle task &apos;assembleProdRelease&apos;...                    &#10;e: C:/Users/kamal/.gradle/caches/transforms-4/5c6e33dd42f23ae6d487adc00670719b/transformed/jetified-kotlin-stdlib-common-1.9.0.jar!/META-INF/kotlin-stdlib-common.kotlin_module: Module was compiled with an incompatible version of Kotlin. The binary version of its metadata is 1.9.0, expected version is 1.7.1.&#10;e: C:/Users/kamal/.gradle/caches/transforms-4/71e224bf118353c651bc9713472e72fb/transformed/jetified-kotlin-stdlib-1.9.0.jar!/META-INF/kotlin-stdlib-jdk7.kotlin_module: Module was compiled with an incompatible version of Kotlin. The binary version of its metadata is 1.9.0, expected version is 1.7.1.&#10;e: C:/Users/kamal/.gradle/caches/transforms-4/71e224bf118353c651bc9713472e72fb/transformed/jetified-kotlin-stdlib-1.9.0.jar!/META-INF/kotlin-stdlib-jdk8.kotlin_module: Module was compiled with an incompatible version of Kotlin. The binary version of its metadata is 1.9.0, expected version is 1.7.1.&#10;e: C:/Users/kamal/.gradle/caches/transforms-4/71e224bf118353c651bc9713472e72fb/transformed/jetified-kotlin-stdlib-1.9.0.jar!/META-INF/kotlin-stdlib.kotlin_module: Module was compiled with an incompatible version of Kotlin. The binary version of its metadata is 1.9.0, expected version is 1.7.1.&#10;&#10;FAILURE: Build failed with an exception.&#10;&#10;* What went wrong:&#10;Execution failed for task &apos;:app:compileProdReleaseKotlin&apos;.&#10;&gt; A failure occurred while executing org.jetbrains.kotlin.compilerRunner.GradleCompilerRunnerWithWorkers$GradleKotlinCompilerWorkAction&#10;   &gt; Compilation error. See log for more details&#10;&#10;* Try:&#10;&gt; Run with --stacktrace option to get the stack trace.&#10;&gt; Run with --info or --debug option to get more log output.&#10;&gt; Run with --scan to get full insights.&#10;&gt; Get more help at https://help.gradle.org.&#10;&#10;BUILD FAILED in 2m 56s&#10;Running Gradle task &apos;assembleProdRelease&apos;...                      177.1s&#10;&#10;┌─ Flutter Fix ──────────────────────────────────────────────────────────────────────────────┐&#10;│ [!] Your project requires a newer version of the Kotlin Gradle plugin.                     │&#10;│ Find the latest version on https://kotlinlang.org/docs/releases.html#release-details, then │&#10;│ update F:\Projects\Flutter Projects\captain_eco\android\build.gradle:                      │&#10;│ ext.kotlin_version = &apos;&lt;latest-version&gt;&apos;                                                    │&#10;└────────────────────────────────────────────────────────────────────────────────────────────┘&#10;Gradle task assembleProdRelease failed with exit code 1&#10;" />
        
      </testcase>
    
  </testsuite>
</testsuites>
